<?xml version="1.0" encoding="UTF-8"?>
<testng-results ignored="0" total="1" passed="1" failed="0" skipped="0">
  <reporter-output>
  </reporter-output>
  <suite started-at="2024-08-02T10:21:08 IST" name="Default suite" finished-at="2024-08-02T10:21:39 IST" duration-ms="31055">
    <groups>
    </groups>
    <test started-at="2024-08-02T10:21:08 IST" name="Default test" finished-at="2024-08-02T10:21:39 IST" duration-ms="31055">
      <class name="TestCases.CreateOrginization">
        <test-method is-config="true" signature="preCondition()[pri:0, instance:TestCases.CreateOrginization@45752059]" started-at="2024-08-02T10:21:08 IST" name="preCondition" finished-at="2024-08-02T10:21:23 IST" duration-ms="14675" status="PASS">
          <reporter-output>
          </reporter-output>
        </test-method> <!-- preCondition -->
        <test-method signature="login()[pri:0, instance:TestCases.CreateOrginization@45752059]" started-at="2024-08-02T10:21:23 IST" name="login" finished-at="2024-08-02T10:21:38 IST" duration-ms="15616" status="PASS">
          <reporter-output>
          </reporter-output>
        </test-method> <!-- login -->
        <test-method is-config="true" signature="postCondition()[pri:0, instance:TestCases.CreateOrginization@45752059]" started-at="2024-08-02T10:21:38 IST" name="postCondition" finished-at="2024-08-02T10:21:39 IST" duration-ms="694" status="PASS">
          <reporter-output>
          </reporter-output>
        </test-method> <!-- postCondition -->
      </class> <!-- TestCases.CreateOrginization -->
    </test> <!-- Default test -->
  </suite> <!-- Default suite -->
</testng-results>
